<?xml version="1.0" encoding="UTF-8"?>
<!-- Generated by org.testng.reporters.JUnitReportReporter -->
<testsuite hostname="IBM-PF3BSSR6" failures="0" tests="4" name="api.test.UserTestPropertyFile" time="10.249" errors="0" timestamp="2023-12-18T12:46:52 IST" skipped="0">
  <testcase classname="api.test.UserTestPropertyFile" name="createuser" time="4.086"/>
  <testcase classname="api.test.UserTestPropertyFile" name="getuser" time="1.345"/>
  <testcase classname="api.test.UserTestPropertyFile" name="updateuser" time="2.503"/>
  <testcase classname="api.test.UserTestPropertyFile" name="deleteuser" time="2.315"/>
</testsuite> <!-- api.test.UserTestPropertyFile -->
