<?xml version="1.0" encoding="UTF-8"?>
<!-- Generated by org.testng.reporters.JUnitReportReporter -->
<testsuite hostname="IBM-PF3BSSR6" failures="0" tests="4" name="api.test.UserTest" time="10.232" errors="0" timestamp="2023-12-15T22:33:42 IST" skipped="0">
  <testcase classname="api.test.UserTest" name="createuser" time="4.257"/>
  <testcase classname="api.test.UserTest" name="getuser" time="1.500"/>
  <testcase classname="api.test.UserTest" name="updateuser" time="3.061"/>
  <testcase classname="api.test.UserTest" name="deleteuser" time="1.414"/>
</testsuite> <!-- api.test.UserTest -->
