<?xml version="1.0" encoding="UTF-8"?>
<!-- Generated by org.testng.reporters.JUnitReportReporter -->
<testsuite hostname="IBM-PF3BSSR6" failures="0" tests="6" name="api.test.DataProviderTest" time="9.058" errors="0" timestamp="2023-12-15T18:44:52 IST" skipped="0">
  <testcase classname="api.test.DataProviderTest" name="testPostuser" time="1.336"/>
  <testcase classname="api.test.DataProviderTest" name="testPostuser" time="1.209"/>
  <testcase classname="api.test.DataProviderTest" name="testPostuser" time="2.690"/>
  <testcase classname="api.test.DataProviderTest" name="testDeleteUserByName" time="1.322"/>
  <testcase classname="api.test.DataProviderTest" name="testDeleteUserByName" time="1.257"/>
  <testcase classname="api.test.DataProviderTest" name="testDeleteUserByName" time="1.244"/>
</testsuite> <!-- api.test.DataProviderTest -->
