<?xml version="1.0" encoding="UTF-8"?>
<!-- Generated by org.testng.reporters.JUnitReportReporter -->
<testsuite hostname="IBM-PF3BSSR6" failures="0" tests="4" name="api.test.UserTest" time="5.987" errors="0" timestamp="2023-12-18T13:10:20 IST" skipped="0">
  <testcase classname="api.test.UserTest" name="createuser" time="1.222"/>
  <testcase classname="api.test.UserTest" name="getuser" time="1.165"/>
  <testcase classname="api.test.UserTest" name="updateuser" time="2.444"/>
  <testcase classname="api.test.UserTest" name="deleteuser" time="1.156"/>
</testsuite> <!-- api.test.UserTest -->
