<?xml version="1.0" encoding="UTF-8"?>
<!-- Generated by org.testng.reporters.JUnitReportReporter -->
<testsuite hostname="IBM-PF3BSSR6" failures="0" tests="6" name="api.test.DataProviderTest" time="9.788" errors="0" timestamp="2023-12-18T13:10:20 IST" skipped="0">
  <testcase classname="api.test.DataProviderTest" name="testPostuser" time="3.584"/>
  <testcase classname="api.test.DataProviderTest" name="testPostuser" time="1.342"/>
  <testcase classname="api.test.DataProviderTest" name="testPostuser" time="1.282"/>
  <testcase classname="api.test.DataProviderTest" name="testDeleteUserByName" time="1.199"/>
  <testcase classname="api.test.DataProviderTest" name="testDeleteUserByName" time="1.156"/>
  <testcase classname="api.test.DataProviderTest" name="testDeleteUserByName" time="1.225"/>
</testsuite> <!-- api.test.DataProviderTest -->
